007_ Sem Tempo para Morrer.html
A Era do Gelo_ As Aventuras de Buck.html
A Familia Addams 2_ Pe na Estrada.html
Alerta Vermelho.html
Batman.html
Casa Gucci.html
Cruella.html
Diario de um Banana.html
Dog.html
Encanto.html
Exorcismo Sagrado.html
Ghostbusters_ Mais Alem.html
Gold.html
Homem-Aranha_ Sem Volta Para Casa.html
Infiltrado.html
Liga da Justica de Zack Snyder.html
Luca.html
Matrix Resurrections.html
Mortal Kombat.html
O Esquadrao Suicida.html
O Ultimo Duelo.html
Os Simpsons em Plusniversario.html
Patrulha Canina_ O Filme.html
Resident Evil_ Bem-Vindo a Raccoon City.html
Ron Bugado.html
The Commando.html
Uncharted_ Fora do Mapa.html
Velozes & Furiosos 9.html
Venom_ Tempo de Carnificina.html
Witch Hunt.html
FIM
1)  Sem Saída
1)  Free Guy: Assumindo o Controle
1)  King Richard: Criando Campeãs
1)  Godzilla vs. Kong
1)  O Último Duelo
1)  Erax
1)  Um Looop Eterno
1)  Sing 2
1)  Belfast
1)  O Maravilhoso Inverno do Mickey Mouse
1)  Os Simpsons em Plusniversário
1)  Mortal Kombat
1)  Um Dia Difícil
1)  Resident Evil: Bem-Vindo a Raccoon City
1)  Contra o Gelo
1)  Jack, o Estripador: A História Não Contada
1)  Ghostbusters: Mais Além
1)  Tom and Jerry: Cowboy Up!
1)  Moonfall - Ameaça Lunar
1)  Encontros
1)  Não Olhe para Cima
1)  Time do Coração
